0 verbose cli /data/data/com.termux/files/usr/bin/node /data/data/com.termux/files/usr/bin/npm
1 info using npm@8.19.2
2 info using node@v18.12.1
3 timing npm:load:whichnode Completed in 4ms
4 timing config:load:defaults Completed in 12ms
5 timing config:load:file:/data/data/com.termux/files/usr/lib/node_modules/npm/npmrc Completed in 7ms
6 timing config:load:builtin Completed in 9ms
7 timing config:load:cli Completed in 10ms
8 timing config:load:env Completed in 3ms
9 timing config:load:file:/storage/emulated/0/v11/.npmrc Completed in 2ms
10 timing config:load:project Completed in 20ms
11 timing config:load:file:/data/data/com.termux/files/home/.npmrc Completed in 9ms
12 timing config:load:user Completed in 12ms
13 timing config:load:file:/data/data/com.termux/files/usr/etc/npmrc Completed in 1ms
14 timing config:load:global Completed in 3ms
15 timing config:load:validate Completed in 3ms
16 timing config:load:credentials Completed in 9ms
17 timing config:load:setEnvs Completed in 8ms
18 timing config:load Completed in 93ms
19 timing npm:load:configload Completed in 94ms
20 timing npm:load:mkdirpcache Completed in 8ms
21 timing npm:load:mkdirplogs Completed in 5ms
22 verbose title npm start
23 verbose argv "start"
24 timing npm:load:setTitle Completed in 11ms
25 timing config:load:flatten Completed in 23ms
26 timing npm:load:display Completed in 38ms
27 verbose logfile logs-max:10 dir:/data/data/com.termux/files/home/.npm/_logs
28 verbose logfile /data/data/com.termux/files/home/.npm/_logs/2022-11-20T12_03_23_429Z-debug-0.log
29 timing npm:load:logFile Completed in 48ms
30 timing npm:load:timers Completed in 1ms
31 timing npm:load:configScope Completed in 0ms
32 timing npm:load Completed in 215ms
33 silly logfile done cleaning log files
34 timing command:run-script Completed in 2141771ms
35 timing command:start Completed in 2141812ms
36 verbose exit 1
37 timing npm Completed in 2142107ms
38 verbose code 1
