0 verbose cli /data/data/com.termux/files/usr/bin/node /data/data/com.termux/files/usr/bin/npm
1 info using npm@8.19.2
2 info using node@v18.12.1
3 timing npm:load:whichnode Completed in 6ms
4 timing config:load:defaults Completed in 15ms
5 timing config:load:file:/data/data/com.termux/files/usr/lib/node_modules/npm/npmrc Completed in 6ms
6 timing config:load:builtin Completed in 8ms
7 timing config:load:cli Completed in 11ms
8 timing config:load:env Completed in 4ms
9 timing config:load:file:/storage/emulated/0/v11/.npmrc Completed in 1ms
10 timing config:load:project Completed in 12ms
11 timing config:load:file:/data/data/com.termux/files/home/.npmrc Completed in 9ms
12 timing config:load:user Completed in 13ms
13 timing config:load:file:/data/data/com.termux/files/usr/etc/npmrc Completed in 1ms
14 timing config:load:global Completed in 2ms
15 timing config:load:validate Completed in 3ms
16 timing config:load:credentials Completed in 10ms
17 timing config:load:setEnvs Completed in 7ms
18 timing config:load Completed in 91ms
19 timing npm:load:configload Completed in 92ms
20 timing npm:load:mkdirpcache Completed in 9ms
21 timing npm:load:mkdirplogs Completed in 3ms
22 verbose title npm start
23 verbose argv "start"
24 timing npm:load:setTitle Completed in 10ms
25 timing config:load:flatten Completed in 27ms
26 timing npm:load:display Completed in 45ms
27 verbose logfile logs-max:10 dir:/data/data/com.termux/files/home/.npm/_logs
28 verbose logfile /data/data/com.termux/files/home/.npm/_logs/2022-11-20T10_49_13_621Z-debug-0.log
29 timing npm:load:logFile Completed in 55ms
30 timing npm:load:timers Completed in 1ms
31 timing npm:load:configScope Completed in 0ms
32 timing npm:load Completed in 230ms
33 silly logfile done cleaning log files
34 http fetch GET 200 https://registry.npmjs.org/npm 2174ms (cache miss)
35 http fetch GET 200 https://registry.npmjs.org/npm 2349ms (cache miss)
36 timing command:run-script Completed in 13581ms
37 timing command:start Completed in 13616ms
38 notice
38 notice New [31mmajor[39m version of npm available! [31m8.19.2[39m -> [32m9.1.2[39m
38 notice Changelog: [36mhttps://github.com/npm/cli/releases/tag/v9.1.2[39m
38 notice Run [32mnpm install -g npm@9.1.2[39m to update!
38 notice
39 verbose exit 1
40 timing npm Completed in 13923ms
41 verbose code 1
